  [1m[35m (81.3ms)[0m  [1m[35mCREATE DATABASE "Wild_Speed_development" ENCODING = 'unicode'[0m
  [1m[35m (195.6ms)[0m  [1m[35mCREATE DATABASE "Wild_Speed_test" ENCODING = 'unicode'[0m
Started GET "/" for ::1 at 2021-11-11 18:43:32 +1100
Processing by HomeController#index as HTML
  Rendering layout layouts/application.html.erb
  Rendering home/index.html.erb within layouts/application
  Rendered home/index.html.erb within layouts/application (Duration: 2.7ms | Allocations: 463)
[Webpacker] Compiling...
Started GET "/" for ::1 at 2021-11-11 18:43:35 +1100
Processing by HomeController#index as HTML
  Rendering layout layouts/application.html.erb
  Rendering home/index.html.erb within layouts/application
  Rendered home/index.html.erb within layouts/application (Duration: 0.1ms | Allocations: 37)
[Webpacker] Compiling...
[Webpacker] Compiled all packs in /home/richard/Marketplace/src/public/packs
[Webpacker] warning ../../package.json: No license field

[Webpacker] Hash: e2f281de3ea1fdc4fa5a
Version: webpack 4.46.0
Time: 2379ms
Built at: 11/11/2021 6:43:36 pm
                                     Asset       Size       Chunks                         Chunk Names
    js/application-be412d64645010827f4e.js    125 KiB  application  [emitted] [immutable]  application
js/application-be412d64645010827f4e.js.map    139 KiB  application  [emitted] [dev]        application
                             manifest.json  364 bytes               [emitted]              
Entrypoint application = js/application-be412d64645010827f4e.js js/application-be412d64645010827f4e.js.map
[./app/javascript/channels sync recursive _channel\.js$] ./app/javascript/channels sync _channel\.js$ 160 bytes {application} [built]
[./app/javascript/channels/index.js] 211 bytes {application} [built]
[./app/javascript/packs/application.js] 492 bytes {application} [built]
[./node_modules/webpack/buildin/module.js] (webpack)/buildin/module.js 552 bytes {application} [built]
    + 3 hidden modules

  Rendered layout layouts/application.html.erb (Duration: 4316.5ms | Allocations: 21230)
Completed 200 OK in 4350ms (Views: 4331.2ms | ActiveRecord: 0.0ms | Allocations: 25776)


[Webpacker] Compiled all packs in /home/richard/Marketplace/src/public/packs
[Webpacker] warning ../../package.json: No license field

[Webpacker] Hash: e2f281de3ea1fdc4fa5a
Version: webpack 4.46.0
Time: 748ms
Built at: 11/11/2021 6:43:38 pm
                                     Asset       Size       Chunks                         Chunk Names
    js/application-be412d64645010827f4e.js    125 KiB  application  [emitted] [immutable]  application
js/application-be412d64645010827f4e.js.map    139 KiB  application  [emitted] [dev]        application
                             manifest.json  364 bytes               [emitted]              
Entrypoint application = js/application-be412d64645010827f4e.js js/application-be412d64645010827f4e.js.map
[./app/javascript/channels sync recursive _channel\.js$] ./app/javascript/channels sync _channel\.js$ 160 bytes {application} [built]
[./app/javascript/channels/index.js] 211 bytes {application} [built]
[./app/javascript/packs/application.js] 492 bytes {application} [built]
[./node_modules/webpack/buildin/module.js] (webpack)/buildin/module.js 552 bytes {application} [built]
    + 3 hidden modules

  Rendered layout layouts/application.html.erb (Duration: 2575.5ms | Allocations: 7532)
Completed 200 OK in 2578ms (Views: 2576.3ms | ActiveRecord: 0.0ms | Allocations: 8018)


Started GET "/" for ::1 at 2021-11-11 19:44:37 +1100
Processing by HomeController#index as HTML
  Rendering layout layouts/application.html.erb
  Rendering home/index.html.erb within layouts/application
  Rendered home/index.html.erb within layouts/application (Duration: 1.0ms | Allocations: 42)
[Webpacker] Everything's up-to-date. Nothing to do
  Rendered layout layouts/application.html.erb (Duration: 13.5ms | Allocations: 3539)
Completed 200 OK in 18ms (Views: 17.1ms | Allocations: 4114)


Started GET "/" for ::1 at 2021-11-11 20:32:49 +1100
Processing by HomeController#index as HTML
  Rendering layout layouts/application.html.erb
  Rendering home/index.html.erb within layouts/application
  Rendered home/index.html.erb within layouts/application (Duration: 0.1ms | Allocations: 37)
[Webpacker] Everything's up-to-date. Nothing to do
  Rendered layout layouts/application.html.erb (Duration: 9.5ms | Allocations: 3400)
Completed 200 OK in 12ms (Views: 11.5ms | Allocations: 3846)


Started GET "/" for ::1 at 2021-11-11 20:55:14 +1100
Processing by HomeController#index as HTML
  Rendering layout layouts/application.html.erb
  Rendering home/index.html.erb within layouts/application
  Rendered home/index.html.erb within layouts/application (Duration: 1.1ms | Allocations: 358)
  Rendered layout layouts/application.html.erb (Duration: 16.4ms | Allocations: 4719)
Completed 500 Internal Server Error in 28ms (ActiveRecord: 0.0ms | Allocations: 8439)


  
ActionView::Template::Error (Error: Invalid CSS after "/": expected 1 selector or at-rule, was "/*"
        on line 1:1 of app/assets/stylesheets/application.scss
>> /*

   ^
):
     6:     <%= csrf_meta_tags %>
     7:     <%= csp_meta_tag %>
     8: 
     9:     <%= stylesheet_link_tag 'application', media: 'all', 'data-turbolinks-track': 'reload' %>
    10:     <%= javascript_pack_tag 'application', 'data-turbolinks-track': 'reload' %>
    11:   </head>
    12: 
  
app/assets/stylesheets/application.scss:1
app/views/layouts/application.html.erb:9
Started GET "/" for ::1 at 2021-11-11 20:56:03 +1100
Processing by HomeController#index as HTML
  Rendering layout layouts/application.html.erb
  Rendering home/index.html.erb within layouts/application
  Rendered home/index.html.erb within layouts/application (Duration: 0.2ms | Allocations: 37)
[Webpacker] Compiling...
[Webpacker] Compiled all packs in /home/richard/Marketplace/src/public/packs
[Webpacker] warning ../../package.json: No license field

[Webpacker] Hash: 8b508b25f0f50ac4d206
Version: webpack 4.46.0
Time: 792ms
Built at: 11/11/2021 8:56:16 pm
                                     Asset       Size       Chunks                         Chunk Names
    js/application-ae39e6b249670232d12a.js    125 KiB  application  [emitted] [immutable]  application
js/application-ae39e6b249670232d12a.js.map    139 KiB  application  [emitted] [dev]        application
                             manifest.json  364 bytes               [emitted]              
Entrypoint application = js/application-ae39e6b249670232d12a.js js/application-ae39e6b249670232d12a.js.map
[./app/javascript/channels sync recursive _channel\.js$] ./app/javascript/channels sync _channel\.js$ 160 bytes {application} [built]
[./app/javascript/channels/index.js] 211 bytes {application} [built]
[./app/javascript/packs/application.js] 553 bytes {application} [built]
[./node_modules/webpack/buildin/module.js] (webpack)/buildin/module.js 552 bytes {application} [built]
    + 3 hidden modules

  Rendered layout layouts/application.html.erb (Duration: 13104.3ms | Allocations: 79778)
Completed 200 OK in 13107ms (Views: 13105.6ms | ActiveRecord: 0.0ms | Allocations: 80348)


  [1m[35m (13.4ms)[0m  [1m[35mCREATE TABLE "schema_migrations" ("version" character varying NOT NULL PRIMARY KEY)[0m
  [1m[35m (7.1ms)[0m  [1m[35mCREATE TABLE "ar_internal_metadata" ("key" character varying NOT NULL PRIMARY KEY, "value" character varying, "created_at" timestamp(6) NOT NULL, "updated_at" timestamp(6) NOT NULL)[0m
  [1m[35m (0.2ms)[0m  [1m[34mSELECT pg_try_advisory_lock(8788231985959094340)[0m
  [1m[35m (0.5ms)[0m  [1m[34mSELECT "schema_migrations"."version" FROM "schema_migrations" ORDER BY "schema_migrations"."version" ASC[0m
Migrating to DeviseCreateUsers (20211111095731)
  [1m[36mTRANSACTION (0.5ms)[0m  [1m[35mBEGIN[0m
  [1m[35m (7.9ms)[0m  [1m[35mCREATE TABLE "users" ("id" bigserial primary key, "email" character varying DEFAULT '' NOT NULL, "encrypted_password" character varying DEFAULT '' NOT NULL, "reset_password_token" character varying, "reset_password_sent_at" timestamp, "remember_created_at" timestamp, "created_at" timestamp(6) NOT NULL, "updated_at" timestamp(6) NOT NULL)[0m
  [1m[35m (2.4ms)[0m  [1m[35mCREATE UNIQUE INDEX "index_users_on_email" ON "users" ("email")[0m
  [1m[35m (2.5ms)[0m  [1m[35mCREATE UNIQUE INDEX "index_users_on_reset_password_token" ON "users" ("reset_password_token")[0m
  [1m[36mActiveRecord::SchemaMigration Create (2.8ms)[0m  [1m[32mINSERT INTO "schema_migrations" ("version") VALUES ($1) RETURNING "version"[0m  [["version", "20211111095731"]]
  [1m[36mTRANSACTION (1.3ms)[0m  [1m[35mCOMMIT[0m
  [1m[36mActiveRecord::InternalMetadata Load (0.3ms)[0m  [1m[34mSELECT "ar_internal_metadata".* FROM "ar_internal_metadata" WHERE "ar_internal_metadata"."key" = $1 LIMIT $2[0m  [["key", "environment"], ["LIMIT", 1]]
  [1m[36mTRANSACTION (0.2ms)[0m  [1m[35mBEGIN[0m
  [1m[36mActiveRecord::InternalMetadata Create (4.4ms)[0m  [1m[32mINSERT INTO "ar_internal_metadata" ("key", "value", "created_at", "updated_at") VALUES ($1, $2, $3, $4) RETURNING "key"[0m  [["key", "environment"], ["value", "development"], ["created_at", "2021-11-11 09:57:38.681750"], ["updated_at", "2021-11-11 09:57:38.681750"]]
  [1m[36mTRANSACTION (1.0ms)[0m  [1m[35mCOMMIT[0m
  [1m[35m (0.4ms)[0m  [1m[34mSELECT pg_advisory_unlock(8788231985959094340)[0m
  [1m[35m (0.8ms)[0m  [1m[34mSELECT "schema_migrations"."version" FROM "schema_migrations" ORDER BY "schema_migrations"."version" ASC[0m
Started GET "/" for ::1 at 2021-11-11 20:59:33 +1100
  [1m[35m (1.3ms)[0m  [1m[34mSELECT "schema_migrations"."version" FROM "schema_migrations" ORDER BY "schema_migrations"."version" ASC[0m
Processing by HomeController#index as HTML
  Rendering layout layouts/application.html.erb
  Rendering home/index.html.erb within layouts/application
  Rendered home/index.html.erb within layouts/application (Duration: 0.1ms | Allocations: 56)
[Webpacker] Everything's up-to-date. Nothing to do
  Rendered layout layouts/application.html.erb (Duration: 11.6ms | Allocations: 6710)
Completed 200 OK in 14ms (Views: 12.9ms | ActiveRecord: 0.0ms | Allocations: 7570)


Started GET "/" for ::1 at 2021-11-11 20:59:43 +1100
Processing by HomeController#index as HTML
Completed 401 Unauthorized in 5ms (ActiveRecord: 0.0ms | Allocations: 1514)


Started GET "/users/sign_in" for ::1 at 2021-11-11 20:59:43 +1100
Processing by Devise::SessionsController#new as HTML
  Rendering layout layouts/application.html.erb
  Rendering devise/sessions/new.html.erb within layouts/application
  Rendered devise/sessions/new.html.erb within layouts/application (Duration: 11.2ms | Allocations: 4342)
  Rendered layout layouts/application.html.erb (Duration: 11.6ms | Allocations: 4416)
Completed 500 Internal Server Error in 35ms (ActiveRecord: 6.4ms | Allocations: 12172)


  
ActionView::Template::Error (undefined method `session_path' for #<ActionView::Base:0x0000000000bf68>
Did you mean?  session):
    1: <h2>Log in</h2>
    2: 
    3: <%= simple_form_for(resource, as: resource_name, url: session_path(resource_name)) do |f| %>
    4:   <div class="form-inputs">
    5:     <%= f.input :email,
    6:                 required: false,
  
app/views/devise/sessions/new.html.erb:3
Started GET "/users/sign_in" for ::1 at 2021-11-11 20:59:49 +1100
Processing by Devise::SessionsController#new as HTML
  Rendering layout layouts/application.html.erb
  Rendering devise/sessions/new.html.erb within layouts/application
  Rendered devise/sessions/new.html.erb within layouts/application (Duration: 10.6ms | Allocations: 4050)
  Rendered layout layouts/application.html.erb (Duration: 11.0ms | Allocations: 4124)
Completed 500 Internal Server Error in 27ms (ActiveRecord: 5.4ms | Allocations: 9593)


  
ActionView::Template::Error (undefined method `session_path' for #<ActionView::Base:0x0000000000d660>
Did you mean?  session):
    1: <h2>Log in</h2>
    2: 
    3: <%= simple_form_for(resource, as: resource_name, url: session_path(resource_name)) do |f| %>
    4:   <div class="form-inputs">
    5:     <%= f.input :email,
    6:                 required: false,
  
app/views/devise/sessions/new.html.erb:3
Started GET "/users/sign_in" for ::1 at 2021-11-11 21:00:00 +1100
Processing by Devise::SessionsController#new as HTML
  Rendering layout layouts/application.html.erb
  Rendering devise/sessions/new.html.erb within layouts/application
  Rendered devise/sessions/new.html.erb within layouts/application (Duration: 12.1ms | Allocations: 4050)
  Rendered layout layouts/application.html.erb (Duration: 12.6ms | Allocations: 4124)
Completed 500 Internal Server Error in 34ms (ActiveRecord: 6.8ms | Allocations: 9581)


  
ActionView::Template::Error (undefined method `session_path' for #<ActionView::Base:0x0000000000ec90>
Did you mean?  session):
    1: <h2>Log in</h2>
    2: 
    3: <%= simple_form_for(resource, as: resource_name, url: session_path(resource_name)) do |f| %>
    4:   <div class="form-inputs">
    5:     <%= f.input :email,
    6:                 required: false,
  
app/views/devise/sessions/new.html.erb:3
Started GET "/users/sign_in" for ::1 at 2021-11-11 21:00:04 +1100
Processing by Devise::SessionsController#new as HTML
  Rendering layout layouts/application.html.erb
  Rendering devise/sessions/new.html.erb within layouts/application
  Rendered devise/sessions/new.html.erb within layouts/application (Duration: 9.6ms | Allocations: 4041)
  Rendered layout layouts/application.html.erb (Duration: 9.9ms | Allocations: 4109)
Completed 500 Internal Server Error in 12ms (ActiveRecord: 0.0ms | Allocations: 4861)


  
ActionView::Template::Error (undefined method `session_path' for #<ActionView::Base:0x0000000000ef88>
Did you mean?  session):
    1: <h2>Log in</h2>
    2: 
    3: <%= simple_form_for(resource, as: resource_name, url: session_path(resource_name)) do |f| %>
    4:   <div class="form-inputs">
    5:     <%= f.input :email,
    6:                 required: false,
  
app/views/devise/sessions/new.html.erb:3
Started GET "/" for ::1 at 2021-11-11 21:00:13 +1100
Processing by HomeController#index as HTML
  Rendering layout layouts/application.html.erb
  Rendering home/index.html.erb within layouts/application
  Rendered home/index.html.erb within layouts/application (Duration: 0.2ms | Allocations: 56)
[Webpacker] Everything's up-to-date. Nothing to do
  Rendered layout layouts/application.html.erb (Duration: 15.2ms | Allocations: 6798)
Completed 200 OK in 18ms (Views: 16.5ms | ActiveRecord: 0.0ms | Allocations: 7665)


Started GET "/" for ::1 at 2021-11-11 21:01:24 +1100
  [1m[35m (1.4ms)[0m  [1m[34mSELECT "schema_migrations"."version" FROM "schema_migrations" ORDER BY "schema_migrations"."version" ASC[0m
Processing by HomeController#index as HTML
  Rendering layout layouts/application.html.erb
  Rendering home/index.html.erb within layouts/application
  Rendered home/index.html.erb within layouts/application (Duration: 2.0ms | Allocations: 357)
[Webpacker] Everything's up-to-date. Nothing to do
  Rendered layout layouts/application.html.erb (Duration: 43.8ms | Allocations: 14669)
Completed 200 OK in 64ms (Views: 50.9ms | ActiveRecord: 0.0ms | Allocations: 18460)


Started GET "/" for ::1 at 2021-11-11 21:12:01 +1100
Processing by HomeController#index as HTML
  Rendering layout layouts/application.html.erb
  Rendering home/index.html.erb within layouts/application
  Rendered home/index.html.erb within layouts/application (Duration: 30.4ms | Allocations: 7060)
  Rendered layout layouts/application.html.erb (Duration: 30.8ms | Allocations: 7144)
Completed 500 Internal Server Error in 36ms (Allocations: 8646)


  
ActionView::Template::Error (undefined local variable or method `cars_path' for #<ActionView::Base:0x00000000009ba0>):
     6:       <hr class="my-4">
     7:       <p>Dominic "Dom" Toretto is a fictional character and the main protagonist of the Fast & Furious franchise.</p>
     8:       <p class="lead">
     9:         <%= link_to "See cars", cars_path, class:"btn btn-primary btn-lg" %>
    10:         <%= link_to "Sign in", new_user_session_path, class:"btn btn-primary btn-lg" %>
    11:       </p>
    12:     </div>
  
app/views/home/index.html.erb:9
Started GET "/" for ::1 at 2021-11-11 21:12:31 +1100
Processing by HomeController#index as HTML
  Rendering layout layouts/application.html.erb
  Rendering home/index.html.erb within layouts/application
  Rendered home/index.html.erb within layouts/application (Duration: 5808.8ms | Allocations: 40438)
[Webpacker] Everything's up-to-date. Nothing to do
  Rendered layout layouts/application.html.erb (Duration: 10283.8ms | Allocations: 77063)
Completed 500 Internal Server Error in 10290ms (Allocations: 78502)


  
ActionView::Template::Error (Missing partial shared/_nav with {:locale=>[:en], :formats=>[:html], :variants=>[], :handlers=>[:raw, :erb, :html, :builder, :ruby, :jbuilder]}. Searched in:
  * "/home/richard/Marketplace/src/app/views"
  * "/home/richard/.rbenv/versions/3.0.2/lib/ruby/gems/3.0.0/gems/devise-4.8.0/app/views"
  * "/home/richard/.rbenv/versions/3.0.2/lib/ruby/gems/3.0.0/gems/actiontext-6.1.4.1/app/views"
  * "/home/richard/.rbenv/versions/3.0.2/lib/ruby/gems/3.0.0/gems/actionmailbox-6.1.4.1/app/views"
):
    13:   <body>
    14:     <div><%= image_tag "logo", style: "display:block; margin: auto" %></div>
    15:     <div class="container">
    16:     <%= render "shared/nav" %>
    17:     <p class="alert"><%= alert %></p>
    18:     <%= yield %>
    19:     </div>
  
app/views/layouts/application.html.erb:16
Started GET "/" for ::1 at 2021-11-11 21:14:10 +1100
Processing by HomeController#index as HTML
  Rendering layout layouts/application.html.erb
  Rendering home/index.html.erb within layouts/application
  Rendered home/index.html.erb within layouts/application (Duration: 3.3ms | Allocations: 933)
[Webpacker] Everything's up-to-date. Nothing to do
  Rendered layout layouts/application.html.erb (Duration: 21.8ms | Allocations: 9312)
Completed 500 Internal Server Error in 26ms (Allocations: 10751)


  
ActionView::Template::Error (Missing partial shared/_nav with {:locale=>[:en], :formats=>[:html], :variants=>[], :handlers=>[:raw, :erb, :html, :builder, :ruby, :jbuilder]}. Searched in:
  * "/home/richard/Marketplace/src/app/views"
  * "/home/richard/.rbenv/versions/3.0.2/lib/ruby/gems/3.0.0/gems/devise-4.8.0/app/views"
  * "/home/richard/.rbenv/versions/3.0.2/lib/ruby/gems/3.0.0/gems/actiontext-6.1.4.1/app/views"
  * "/home/richard/.rbenv/versions/3.0.2/lib/ruby/gems/3.0.0/gems/actionmailbox-6.1.4.1/app/views"
):
    13:   <body>
    14:     <div><%= image_tag "logo", style: "display:block; margin: auto" %></div>
    15:     <div class="container">
    16:     <%= render "shared/nav" %>
    17:     <p class="alert"><%= alert %></p>
    18:     <%= yield %>
    19:     </div>
  
app/views/layouts/application.html.erb:16
Started GET "/" for ::1 at 2021-11-11 21:14:24 +1100
  [1m[35m (2.2ms)[0m  [1m[34mSELECT "schema_migrations"."version" FROM "schema_migrations" ORDER BY "schema_migrations"."version" ASC[0m
Processing by HomeController#index as HTML
  Rendering layout layouts/application.html.erb
  Rendering home/index.html.erb within layouts/application
  Rendered home/index.html.erb within layouts/application (Duration: 45.1ms | Allocations: 8703)
[Webpacker] Everything's up-to-date. Nothing to do
  Rendered layout layouts/application.html.erb (Duration: 89.0ms | Allocations: 17917)
Completed 500 Internal Server Error in 121ms (ActiveRecord: 0.0ms | Allocations: 21654)


  
ActionView::Template::Error (Missing partial shared/_nav with {:locale=>[:en], :formats=>[:html], :variants=>[], :handlers=>[:raw, :erb, :html, :builder, :ruby, :jbuilder]}. Searched in:
  * "/home/richard/Marketplace/src/app/views"
  * "/home/richard/.rbenv/versions/3.0.2/lib/ruby/gems/3.0.0/gems/devise-4.8.0/app/views"
  * "/home/richard/.rbenv/versions/3.0.2/lib/ruby/gems/3.0.0/gems/actiontext-6.1.4.1/app/views"
  * "/home/richard/.rbenv/versions/3.0.2/lib/ruby/gems/3.0.0/gems/actionmailbox-6.1.4.1/app/views"
):
    13:   <body>
    14:     <div><%= image_tag "logo", style: "display:block; margin: auto" %></div>
    15:     <div class="container">
    16:     <%= render "shared/nav" %>
    17:     <p class="alert"><%= alert %></p>
    18:     <%= yield %>
    19:     </div>
  
app/views/layouts/application.html.erb:16
Started GET "/" for ::1 at 2021-11-11 21:16:47 +1100
Processing by HomeController#index as HTML
  Rendering layout layouts/application.html.erb
  Rendering home/index.html.erb within layouts/application
  Rendered home/index.html.erb within layouts/application (Duration: 2.9ms | Allocations: 935)
[Webpacker] Everything's up-to-date. Nothing to do
  Rendered shared/_nav.html.erb (Duration: 4.2ms | Allocations: 604)
  Rendered layout layouts/application.html.erb (Duration: 21.8ms | Allocations: 8877)
Completed 200 OK in 25ms (Views: 23.9ms | ActiveRecord: 0.0ms | Allocations: 10406)


Started GET "/users/sign_in" for ::1 at 2021-11-11 21:16:49 +1100
Processing by Devise::SessionsController#new as HTML
  Rendering layout layouts/application.html.erb
  Rendering devise/sessions/new.html.erb within layouts/application
  Rendered devise/shared/_links.html.erb (Duration: 37.1ms | Allocations: 684)
  Rendered devise/sessions/new.html.erb within layouts/application (Duration: 241.0ms | Allocations: 24445)
[Webpacker] Everything's up-to-date. Nothing to do
  Rendered shared/_nav.html.erb (Duration: 0.5ms | Allocations: 183)
  Rendered layout layouts/application.html.erb (Duration: 261.6ms | Allocations: 31719)
Completed 200 OK in 290ms (Views: 266.8ms | ActiveRecord: 7.9ms | Allocations: 39104)


Started POST "/users/sign_in" for ::1 at 2021-11-11 21:16:59 +1100
Processing by Devise::SessionsController#create as HTML
  Parameters: {"authenticity_token"=>"[FILTERED]", "user"=>{"email"=>"test@email.com", "password"=>"[FILTERED]", "remember_me"=>"0"}, "commit"=>"Log in"}
  [1m[36mUser Load (2.6ms)[0m  [1m[34mSELECT "users".* FROM "users" WHERE "users"."email" = $1 ORDER BY "users"."id" ASC LIMIT $2[0m  [["email", "test@email.com"], ["LIMIT", 1]]
Completed 401 Unauthorized in 18ms (ActiveRecord: 4.1ms | Allocations: 3267)


Processing by Devise::SessionsController#new as HTML
  Parameters: {"authenticity_token"=>"[FILTERED]", "user"=>{"email"=>"test@email.com", "password"=>"[FILTERED]", "remember_me"=>"0"}, "commit"=>"Log in"}
  Rendering layout layouts/application.html.erb
  Rendering devise/sessions/new.html.erb within layouts/application
  Rendered devise/shared/_links.html.erb (Duration: 0.4ms | Allocations: 169)
  Rendered devise/sessions/new.html.erb within layouts/application (Duration: 19.2ms | Allocations: 8539)
[Webpacker] Everything's up-to-date. Nothing to do
  Rendered shared/_nav.html.erb (Duration: 0.3ms | Allocations: 127)
  Rendered layout layouts/application.html.erb (Duration: 30.6ms | Allocations: 15674)
Completed 200 OK in 317ms (Views: 31.4ms | ActiveRecord: 0.0ms | Allocations: 17610)


Started GET "/users/sign_in" for ::1 at 2021-11-11 21:18:28 +1100
Processing by Devise::SessionsController#new as HTML
  Rendering layout layouts/application.html.erb
  Rendering devise/sessions/new.html.erb within layouts/application
  Rendered devise/shared/_links.html.erb (Duration: 0.3ms | Allocations: 153)
  Rendered devise/sessions/new.html.erb within layouts/application (Duration: 15.3ms | Allocations: 8314)
[Webpacker] Everything's up-to-date. Nothing to do
  Rendered shared/_nav.html.erb (Duration: 1.1ms | Allocations: 155)
  Rendered layout layouts/application.html.erb (Duration: 10307.5ms | Allocations: 72596)
Completed 200 OK in 10311ms (Views: 10309.2ms | ActiveRecord: 0.0ms | Allocations: 73351)


Started POST "/users/sign_in" for ::1 at 2021-11-11 21:18:42 +1100
Processing by Devise::SessionsController#create as HTML
  Parameters: {"authenticity_token"=>"[FILTERED]", "user"=>{"email"=>"test@email.com", "password"=>"[FILTERED]", "remember_me"=>"0"}, "commit"=>"Log in"}
  [1m[36mUser Load (3.0ms)[0m  [1m[34mSELECT "users".* FROM "users" WHERE "users"."email" = $1 ORDER BY "users"."id" ASC LIMIT $2[0m  [["email", "test@email.com"], ["LIMIT", 1]]
Completed 401 Unauthorized in 12ms (ActiveRecord: 3.0ms | Allocations: 1804)


Processing by Devise::SessionsController#new as HTML
  Parameters: {"authenticity_token"=>"[FILTERED]", "user"=>{"email"=>"test@email.com", "password"=>"[FILTERED]", "remember_me"=>"0"}, "commit"=>"Log in"}
  Rendering layout layouts/application.html.erb
  Rendering devise/sessions/new.html.erb within layouts/application
  Rendered devise/shared/_links.html.erb (Duration: 0.3ms | Allocations: 153)
  Rendered devise/sessions/new.html.erb within layouts/application (Duration: 15.2ms | Allocations: 8349)
[Webpacker] Everything's up-to-date. Nothing to do
  Rendered shared/_nav.html.erb (Duration: 0.4ms | Allocations: 123)
  Rendered layout layouts/application.html.erb (Duration: 28.5ms | Allocations: 15324)
Completed 200 OK in 303ms (Views: 29.2ms | ActiveRecord: 0.0ms | Allocations: 15952)


Started GET "/users/sign_in" for ::1 at 2021-11-11 21:19:08 +1100
Processing by Devise::SessionsController#new as HTML
  Rendering layout layouts/application.html.erb
  Rendering devise/sessions/new.html.erb within layouts/application
  Rendered devise/shared/_links.html.erb (Duration: 0.3ms | Allocations: 153)
  Rendered devise/sessions/new.html.erb within layouts/application (Duration: 29.9ms | Allocations: 8313)
[Webpacker] Everything's up-to-date. Nothing to do
  Rendered shared/_nav.html.erb (Duration: 0.6ms | Allocations: 150)
  Rendered layout layouts/application.html.erb (Duration: 9989.1ms | Allocations: 71107)
Completed 200 OK in 9991ms (Views: 9989.8ms | ActiveRecord: 0.0ms | Allocations: 71787)


Started POST "/users/sign_in" for ::1 at 2021-11-11 21:19:21 +1100
Processing by Devise::SessionsController#create as HTML
  Parameters: {"authenticity_token"=>"[FILTERED]", "user"=>{"email"=>"test@email.com", "password"=>"[FILTERED]", "remember_me"=>"0"}, "commit"=>"Log in"}
  [1m[36mUser Load (1.6ms)[0m  [1m[34mSELECT "users".* FROM "users" WHERE "users"."email" = $1 ORDER BY "users"."id" ASC LIMIT $2[0m  [["email", "test@email.com"], ["LIMIT", 1]]
Completed 401 Unauthorized in 7ms (ActiveRecord: 1.6ms | Allocations: 1629)


Processing by Devise::SessionsController#new as HTML
  Parameters: {"authenticity_token"=>"[FILTERED]", "user"=>{"email"=>"test@email.com", "password"=>"[FILTERED]", "remember_me"=>"0"}, "commit"=>"Log in"}
  Rendering layout layouts/application.html.erb
  Rendering devise/sessions/new.html.erb within layouts/application
  Rendered devise/shared/_links.html.erb (Duration: 0.3ms | Allocations: 153)
  Rendered devise/sessions/new.html.erb within layouts/application (Duration: 15.9ms | Allocations: 8342)
[Webpacker] Everything's up-to-date. Nothing to do
  Rendered shared/_nav.html.erb (Duration: 0.4ms | Allocations: 123)
  Rendered layout layouts/application.html.erb (Duration: 27.9ms | Allocations: 15321)
Completed 200 OK in 304ms (Views: 28.7ms | ActiveRecord: 0.0ms | Allocations: 15945)


Started GET "/users/sign_up" for ::1 at 2021-11-11 21:19:34 +1100
Processing by Devise::RegistrationsController#new as HTML
  Rendering layout layouts/application.html.erb
  Rendering devise/registrations/new.html.erb within layouts/application
  Rendered devise/shared/_links.html.erb (Duration: 0.6ms | Allocations: 188)
  Rendered devise/registrations/new.html.erb within layouts/application (Duration: 33.6ms | Allocations: 7296)
[Webpacker] Everything's up-to-date. Nothing to do
  Rendered shared/_nav.html.erb (Duration: 0.4ms | Allocations: 183)
  Rendered layout layouts/application.html.erb (Duration: 55.5ms | Allocations: 14562)
Completed 200 OK in 65ms (Views: 58.3ms | ActiveRecord: 0.0ms | Allocations: 16166)


Started POST "/users" for ::1 at 2021-11-11 21:19:43 +1100
Processing by Devise::RegistrationsController#create as HTML
  Parameters: {"authenticity_token"=>"[FILTERED]", "user"=>{"email"=>"asdasd", "password"=>"[FILTERED]", "password_confirmation"=>"[FILTERED]"}, "commit"=>"Sign up"}
  [1m[36mTRANSACTION (1.3ms)[0m  [1m[35mBEGIN[0m
  [1m[36mUser Exists? (2.9ms)[0m  [1m[34mSELECT 1 AS one FROM "users" WHERE "users"."email" = $1 LIMIT $2[0m  [["email", "asdasd"], ["LIMIT", 1]]
  [1m[36mTRANSACTION (1.3ms)[0m  [1m[31mROLLBACK[0m
  Rendering layout layouts/application.html.erb
  Rendering devise/registrations/new.html.erb within layouts/application
  Rendered devise/shared/_links.html.erb (Duration: 0.2ms | Allocations: 106)
  Rendered devise/registrations/new.html.erb within layouts/application (Duration: 17.3ms | Allocations: 7579)
[Webpacker] Everything's up-to-date. Nothing to do
  Rendered shared/_nav.html.erb (Duration: 0.4ms | Allocations: 149)
  Rendered layout layouts/application.html.erb (Duration: 29.5ms | Allocations: 14602)
Completed 200 OK in 318ms (Views: 30.3ms | ActiveRecord: 5.5ms | Allocations: 21571)


Started GET "/users/sign_in" for ::1 at 2021-11-11 21:20:29 +1100
Processing by Devise::SessionsController#new as HTML
  Rendering layout layouts/application.html.erb
  Rendering devise/sessions/new.html.erb within layouts/application
  Rendered devise/shared/_links.html.erb (Duration: 0.7ms | Allocations: 154)
  Rendered devise/sessions/new.html.erb within layouts/application (Duration: 66.6ms | Allocations: 8321)
[Webpacker] Everything's up-to-date. Nothing to do
  Rendered shared/_nav.html.erb (Duration: 0.9ms | Allocations: 149)
  Rendered layout layouts/application.html.erb (Duration: 151.3ms | Allocations: 15332)
Completed 200 OK in 164ms (Views: 160.1ms | ActiveRecord: 0.0ms | Allocations: 16019)


Started POST "/users/sign_in" for ::1 at 2021-11-11 21:20:34 +1100
Processing by Devise::SessionsController#create as HTML
  Parameters: {"authenticity_token"=>"[FILTERED]", "user"=>{"email"=>"test@email.com", "password"=>"[FILTERED]", "remember_me"=>"0"}, "commit"=>"Log in"}
  [1m[36mUser Load (1.6ms)[0m  [1m[34mSELECT "users".* FROM "users" WHERE "users"."email" = $1 ORDER BY "users"."id" ASC LIMIT $2[0m  [["email", "test@email.com"], ["LIMIT", 1]]
Completed 401 Unauthorized in 9ms (ActiveRecord: 1.6ms | Allocations: 1687)


Processing by Devise::SessionsController#new as HTML
  Parameters: {"authenticity_token"=>"[FILTERED]", "user"=>{"email"=>"test@email.com", "password"=>"[FILTERED]", "remember_me"=>"0"}, "commit"=>"Log in"}
  Rendering layout layouts/application.html.erb
  Rendering devise/sessions/new.html.erb within layouts/application
  Rendered devise/shared/_links.html.erb (Duration: 0.4ms | Allocations: 153)
  Rendered devise/sessions/new.html.erb within layouts/application (Duration: 15.9ms | Allocations: 8341)
[Webpacker] Everything's up-to-date. Nothing to do
  Rendered shared/_nav.html.erb (Duration: 0.4ms | Allocations: 123)
  Rendered layout layouts/application.html.erb (Duration: 27.3ms | Allocations: 15320)
Completed 200 OK in 298ms (Views: 28.0ms | ActiveRecord: 0.0ms | Allocations: 15966)


Started GET "/users/sign_up" for ::1 at 2021-11-11 21:23:37 +1100
Processing by Devise::RegistrationsController#new as HTML
  Rendering layout layouts/application.html.erb
  Rendering devise/registrations/new.html.erb within layouts/application
  Rendered devise/shared/_links.html.erb (Duration: 0.3ms | Allocations: 106)
  Rendered devise/registrations/new.html.erb within layouts/application (Duration: 17.7ms | Allocations: 6309)
[Webpacker] Everything's up-to-date. Nothing to do
  Rendered shared/_nav.html.erb (Duration: 0.6ms | Allocations: 149)
  Rendered layout layouts/application.html.erb (Duration: 43.9ms | Allocations: 13378)
Completed 200 OK in 46ms (Views: 44.7ms | ActiveRecord: 0.0ms | Allocations: 13995)


Started GET "/users/sign_in" for ::1 at 2021-11-11 21:23:38 +1100
Processing by Devise::SessionsController#new as HTML
  Rendering layout layouts/application.html.erb
  Rendering devise/sessions/new.html.erb within layouts/application
  Rendered devise/shared/_links.html.erb (Duration: 0.5ms | Allocations: 153)
  Rendered devise/sessions/new.html.erb within layouts/application (Duration: 26.4ms | Allocations: 8314)
[Webpacker] Everything's up-to-date. Nothing to do
  Rendered shared/_nav.html.erb (Duration: 0.6ms | Allocations: 149)
  Rendered layout layouts/application.html.erb (Duration: 43.7ms | Allocations: 15321)
Completed 200 OK in 46ms (Views: 44.6ms | ActiveRecord: 0.0ms | Allocations: 16004)


Started POST "/users/sign_in" for ::1 at 2021-11-11 21:23:39 +1100
Processing by Devise::SessionsController#create as HTML
  Parameters: {"authenticity_token"=>"[FILTERED]", "user"=>{"email"=>"test@email.com", "password"=>"[FILTERED]", "remember_me"=>"0"}, "commit"=>"Log in"}
  [1m[36mUser Load (1.4ms)[0m  [1m[34mSELECT "users".* FROM "users" WHERE "users"."email" = $1 ORDER BY "users"."id" ASC LIMIT $2[0m  [["email", "test@email.com"], ["LIMIT", 1]]
Completed 401 Unauthorized in 7ms (ActiveRecord: 1.4ms | Allocations: 1645)


Processing by Devise::SessionsController#new as HTML
  Parameters: {"authenticity_token"=>"[FILTERED]", "user"=>{"email"=>"test@email.com", "password"=>"[FILTERED]", "remember_me"=>"0"}, "commit"=>"Log in"}
  Rendering layout layouts/application.html.erb
  Rendering devise/sessions/new.html.erb within layouts/application
  Rendered devise/shared/_links.html.erb (Duration: 4.7ms | Allocations: 153)
  Rendered devise/sessions/new.html.erb within layouts/application (Duration: 28.9ms | Allocations: 8333)
[Webpacker] Everything's up-to-date. Nothing to do
  Rendered shared/_nav.html.erb (Duration: 0.5ms | Allocations: 123)
  Rendered layout layouts/application.html.erb (Duration: 49.5ms | Allocations: 15308)
Completed 200 OK in 335ms (Views: 50.6ms | ActiveRecord: 0.0ms | Allocations: 15950)


Started GET "/users/sign_up" for ::1 at 2021-11-11 21:23:42 +1100
Processing by Devise::RegistrationsController#new as HTML
  Rendering layout layouts/application.html.erb
  Rendering devise/registrations/new.html.erb within layouts/application
  Rendered devise/shared/_links.html.erb (Duration: 0.3ms | Allocations: 106)
  Rendered devise/registrations/new.html.erb within layouts/application (Duration: 14.2ms | Allocations: 6306)
[Webpacker] Everything's up-to-date. Nothing to do
  Rendered shared/_nav.html.erb (Duration: 0.6ms | Allocations: 149)
  Rendered layout layouts/application.html.erb (Duration: 34.6ms | Allocations: 13313)
Completed 200 OK in 38ms (Views: 36.0ms | ActiveRecord: 0.0ms | Allocations: 13929)


Started POST "/users" for ::1 at 2021-11-11 21:23:43 +1100
Processing by Devise::RegistrationsController#create as HTML
  Parameters: {"authenticity_token"=>"[FILTERED]", "user"=>{"email"=>"", "password"=>"[FILTERED]", "password_confirmation"=>"[FILTERED]"}, "commit"=>"Sign up"}
  Rendering layout layouts/application.html.erb
  Rendering devise/registrations/new.html.erb within layouts/application
  Rendered devise/shared/_links.html.erb (Duration: 0.4ms | Allocations: 106)
  Rendered devise/registrations/new.html.erb within layouts/application (Duration: 29.1ms | Allocations: 8621)
[Webpacker] Everything's up-to-date. Nothing to do
  Rendered shared/_nav.html.erb (Duration: 0.5ms | Allocations: 150)
  Rendered layout layouts/application.html.erb (Duration: 54.7ms | Allocations: 15649)
Completed 200 OK in 61ms (Views: 56.2ms | ActiveRecord: 0.0ms | Allocations: 17648)


Started GET "/users" for ::1 at 2021-11-11 21:25:05 +1100
  
ActionController::RoutingError (No route matches [GET] "/users"):
  
Started GET "/" for ::1 at 2021-11-11 21:25:16 +1100
Processing by HomeController#index as HTML
  Rendering layout layouts/application.html.erb
  Rendering home/index.html.erb within layouts/application
  Rendered home/index.html.erb within layouts/application (Duration: 2.6ms | Allocations: 935)
[Webpacker] Everything's up-to-date. Nothing to do
  Rendered shared/_nav.html.erb (Duration: 1.3ms | Allocations: 503)
  Rendered layout layouts/application.html.erb (Duration: 10361.6ms | Allocations: 65642)
Completed 200 OK in 10366ms (Views: 10364.5ms | ActiveRecord: 0.0ms | Allocations: 67089)


Started GET "/" for ::1 at 2021-11-11 21:25:33 +1100
Processing by HomeController#index as HTML
  Rendering layout layouts/application.html.erb
  Rendering home/index.html.erb within layouts/application
  Rendered home/index.html.erb within layouts/application (Duration: 2.5ms | Allocations: 933)
[Webpacker] Everything's up-to-date. Nothing to do
  Rendered shared/_nav.html.erb (Duration: 0.9ms | Allocations: 500)
  Rendered layout layouts/application.html.erb (Duration: 19.3ms | Allocations: 8759)
Completed 200 OK in 23ms (Views: 21.3ms | ActiveRecord: 0.0ms | Allocations: 10237)


Started GET "/users/sign_in" for ::1 at 2021-11-11 21:25:43 +1100
Processing by Devise::SessionsController#new as HTML
  Rendering layout layouts/application.html.erb
  Rendering devise/sessions/new.html.erb within layouts/application
  Rendered devise/shared/_links.html.erb (Duration: 1.9ms | Allocations: 556)
  Rendered devise/sessions/new.html.erb within layouts/application (Duration: 25.9ms | Allocations: 9327)
[Webpacker] Everything's up-to-date. Nothing to do
  Rendered shared/_nav.html.erb (Duration: 0.5ms | Allocations: 183)
  Rendered layout layouts/application.html.erb (Duration: 44.9ms | Allocations: 16593)
Completed 200 OK in 51ms (Views: 49.3ms | ActiveRecord: 0.0ms | Allocations: 18435)


Started POST "/users/sign_in" for ::1 at 2021-11-11 21:25:44 +1100
Processing by Devise::SessionsController#create as HTML
  Parameters: {"authenticity_token"=>"[FILTERED]", "user"=>{"email"=>"test@email.com", "password"=>"[FILTERED]", "remember_me"=>"0"}, "commit"=>"Log in"}
  [1m[36mUser Load (1.1ms)[0m  [1m[34mSELECT "users".* FROM "users" WHERE "users"."email" = $1 ORDER BY "users"."id" ASC LIMIT $2[0m  [["email", "test@email.com"], ["LIMIT", 1]]
Completed 401 Unauthorized in 7ms (ActiveRecord: 1.1ms | Allocations: 1884)


Processing by Devise::SessionsController#new as HTML
  Parameters: {"authenticity_token"=>"[FILTERED]", "user"=>{"email"=>"test@email.com", "password"=>"[FILTERED]", "remember_me"=>"0"}, "commit"=>"Log in"}
  Rendering layout layouts/application.html.erb
  Rendering devise/sessions/new.html.erb within layouts/application
  Rendered devise/shared/_links.html.erb (Duration: 0.6ms | Allocations: 153)
  Rendered devise/sessions/new.html.erb within layouts/application (Duration: 21.2ms | Allocations: 8330)
[Webpacker] Everything's up-to-date. Nothing to do
  Rendered shared/_nav.html.erb (Duration: 0.4ms | Allocations: 123)
  Rendered layout layouts/application.html.erb (Duration: 38.9ms | Allocations: 15306)
Completed 200 OK in 317ms (Views: 40.8ms | ActiveRecord: 0.0ms | Allocations: 15995)


Started GET "/users/sign_in" for ::1 at 2021-11-11 21:27:05 +1100
Processing by Devise::SessionsController#new as HTML
  Rendering layout layouts/application.html.erb
  Rendering devise/sessions/new.html.erb within layouts/application
  Rendered devise/shared/_links.html.erb (Duration: 2.5ms | Allocations: 553)
  Rendered devise/sessions/new.html.erb within layouts/application (Duration: 30.4ms | Allocations: 9306)
[Webpacker] Everything's up-to-date. Nothing to do
  Rendered shared/_nav.html.erb (Duration: 1.3ms | Allocations: 466)
  Rendered layout layouts/application.html.erb (Duration: 51.5ms | Allocations: 17204)
Completed 200 OK in 58ms (Views: 56.6ms | ActiveRecord: 0.0ms | Allocations: 19201)


Started POST "/users/sign_in" for ::1 at 2021-11-11 21:27:06 +1100
Processing by Devise::SessionsController#create as HTML
  Parameters: {"authenticity_token"=>"[FILTERED]", "user"=>{"email"=>"test@email.com", "password"=>"[FILTERED]", "remember_me"=>"0"}, "commit"=>"Log in"}
  [1m[36mUser Load (2.6ms)[0m  [1m[34mSELECT "users".* FROM "users" WHERE "users"."email" = $1 ORDER BY "users"."id" ASC LIMIT $2[0m  [["email", "test@email.com"], ["LIMIT", 1]]
Completed 401 Unauthorized in 13ms (ActiveRecord: 2.6ms | Allocations: 1852)


Processing by Devise::SessionsController#new as HTML
  Parameters: {"authenticity_token"=>"[FILTERED]", "user"=>{"email"=>"test@email.com", "password"=>"[FILTERED]", "remember_me"=>"0"}, "commit"=>"Log in"}
  Rendering layout layouts/application.html.erb
  Rendering devise/sessions/new.html.erb within layouts/application
  Rendered devise/shared/_links.html.erb (Duration: 0.3ms | Allocations: 153)
  Rendered devise/sessions/new.html.erb within layouts/application (Duration: 55.9ms | Allocations: 8342)
[Webpacker] Everything's up-to-date. Nothing to do
  Rendered shared/_nav.html.erb (Duration: 0.3ms | Allocations: 123)
  Rendered layout layouts/application.html.erb (Duration: 70.0ms | Allocations: 15326)
Completed 200 OK in 347ms (Views: 73.3ms | ActiveRecord: 0.0ms | Allocations: 15997)


Started POST "/users/sign_in" for ::1 at 2021-11-11 21:27:27 +1100
Processing by Devise::SessionsController#create as HTML
  Parameters: {"authenticity_token"=>"[FILTERED]", "user"=>{"email"=>"test@email.com", "password"=>"[FILTERED]", "remember_me"=>"0"}, "commit"=>"Log in"}
  [1m[36mUser Load (1.3ms)[0m  [1m[34mSELECT "users".* FROM "users" WHERE "users"."email" = $1 ORDER BY "users"."id" ASC LIMIT $2[0m  [["email", "test@email.com"], ["LIMIT", 1]]
Completed 401 Unauthorized in 7ms (ActiveRecord: 1.3ms | Allocations: 1628)


Processing by Devise::SessionsController#new as HTML
  Parameters: {"authenticity_token"=>"[FILTERED]", "user"=>{"email"=>"test@email.com", "password"=>"[FILTERED]", "remember_me"=>"0"}, "commit"=>"Log in"}
  Rendering layout layouts/application.html.erb
  Rendering devise/sessions/new.html.erb within layouts/application
  Rendered devise/shared/_links.html.erb (Duration: 1.5ms | Allocations: 553)
  Rendered devise/sessions/new.html.erb within layouts/application (Duration: 17.4ms | Allocations: 9323)
[Webpacker] Everything's up-to-date. Nothing to do
  Rendered shared/_nav.html.erb (Duration: 0.8ms | Allocations: 433)
  Rendered layout layouts/application.html.erb (Duration: 34.0ms | Allocations: 17255)
Completed 200 OK in 323ms (Views: 37.7ms | ActiveRecord: 0.0ms | Allocations: 19204)


Started GET "/users/sign_in" for ::1 at 2021-11-11 21:27:35 +1100
Processing by Devise::SessionsController#new as HTML
  Rendering layout layouts/application.html.erb
  Rendering devise/sessions/new.html.erb within layouts/application
  Rendered devise/shared/_links.html.erb (Duration: 1.3ms | Allocations: 553)
  Rendered devise/sessions/new.html.erb within layouts/application (Duration: 38.7ms | Allocations: 9310)
[Webpacker] Everything's up-to-date. Nothing to do
  Rendered shared/_nav.html.erb (Duration: 1.6ms | Allocations: 466)
  Rendered layout layouts/application.html.erb (Duration: 60.9ms | Allocations: 17213)
Completed 200 OK in 71ms (Views: 67.9ms | ActiveRecord: 0.0ms | Allocations: 19300)


Started POST "/users/sign_in" for ::1 at 2021-11-11 21:27:37 +1100
Processing by Devise::SessionsController#create as HTML
  Parameters: {"authenticity_token"=>"[FILTERED]", "user"=>{"email"=>"test@email.com", "password"=>"[FILTERED]", "remember_me"=>"0"}, "commit"=>"Log in"}
  [1m[36mUser Load (1.4ms)[0m  [1m[34mSELECT "users".* FROM "users" WHERE "users"."email" = $1 ORDER BY "users"."id" ASC LIMIT $2[0m  [["email", "test@email.com"], ["LIMIT", 1]]
Completed 401 Unauthorized in 8ms (ActiveRecord: 1.4ms | Allocations: 1851)


Processing by Devise::SessionsController#new as HTML
  Parameters: {"authenticity_token"=>"[FILTERED]", "user"=>{"email"=>"test@email.com", "password"=>"[FILTERED]", "remember_me"=>"0"}, "commit"=>"Log in"}
  Rendering layout layouts/application.html.erb
  Rendering devise/sessions/new.html.erb within layouts/application
  Rendered devise/shared/_links.html.erb (Duration: 0.4ms | Allocations: 153)
  Rendered devise/sessions/new.html.erb within layouts/application (Duration: 17.8ms | Allocations: 8332)
[Webpacker] Everything's up-to-date. Nothing to do
  Rendered shared/_nav.html.erb (Duration: 0.6ms | Allocations: 123)
  Rendered layout layouts/application.html.erb (Duration: 33.7ms | Allocations: 15308)
Completed 200 OK in 309ms (Views: 34.4ms | ActiveRecord: 0.0ms | Allocations: 15978)


Started POST "/users/sign_in" for ::1 at 2021-11-11 21:28:49 +1100
Processing by Devise::SessionsController#create as HTML
  Parameters: {"authenticity_token"=>"[FILTERED]", "user"=>{"email"=>"test@email.com", "password"=>"[FILTERED]", "remember_me"=>"0"}, "commit"=>"Log in"}
  [1m[36mUser Load (4.0ms)[0m  [1m[34mSELECT "users".* FROM "users" WHERE "users"."email" = $1 ORDER BY "users"."id" ASC LIMIT $2[0m  [["email", "test@email.com"], ["LIMIT", 1]]
Completed 401 Unauthorized in 13ms (ActiveRecord: 4.0ms | Allocations: 1626)


Processing by Devise::SessionsController#new as HTML
  Parameters: {"authenticity_token"=>"[FILTERED]", "user"=>{"email"=>"test@email.com", "password"=>"[FILTERED]", "remember_me"=>"0"}, "commit"=>"Log in"}
  Rendering layout layouts/application.html.erb
  Rendering devise/sessions/new.html.erb within layouts/application
  Rendered devise/shared/_links.html.erb (Duration: 1.7ms | Allocations: 557)
  Rendered devise/sessions/new.html.erb within layouts/application (Duration: 26.1ms | Allocations: 9340)
[Webpacker] Everything's up-to-date. Nothing to do
  Rendered shared/_nav.html.erb (Duration: 1.2ms | Allocations: 433)
  Rendered layout layouts/application.html.erb (Duration: 43.5ms | Allocations: 17207)
Completed 200 OK in 334ms (Views: 46.6ms | ActiveRecord: 0.0ms | Allocations: 19147)


Started POST "/users/sign_in" for ::1 at 2021-11-11 21:29:02 +1100
Processing by Devise::SessionsController#create as HTML
  Parameters: {"authenticity_token"=>"[FILTERED]", "user"=>{"email"=>"test@email.com", "password"=>"[FILTERED]", "remember_me"=>"0"}, "commit"=>"Log in"}
  [1m[36mUser Load (1.3ms)[0m  [1m[34mSELECT "users".* FROM "users" WHERE "users"."email" = $1 ORDER BY "users"."id" ASC LIMIT $2[0m  [["email", "test@email.com"], ["LIMIT", 1]]
Completed 401 Unauthorized in 7ms (ActiveRecord: 1.3ms | Allocations: 1854)


Processing by Devise::SessionsController#new as HTML
  Parameters: {"authenticity_token"=>"[FILTERED]", "user"=>{"email"=>"test@email.com", "password"=>"[FILTERED]", "remember_me"=>"0"}, "commit"=>"Log in"}
  Rendering layout layouts/application.html.erb
  Rendering devise/sessions/new.html.erb within layouts/application
  Rendered devise/shared/_links.html.erb (Duration: 0.4ms | Allocations: 153)
  Rendered devise/sessions/new.html.erb within layouts/application (Duration: 17.6ms | Allocations: 8333)
[Webpacker] Everything's up-to-date. Nothing to do
  Rendered shared/_nav.html.erb (Duration: 0.4ms | Allocations: 123)
  Rendered layout layouts/application.html.erb (Duration: 9502.8ms | Allocations: 72207)
Completed 200 OK in 9768ms (Views: 9503.6ms | ActiveRecord: 0.0ms | Allocations: 72877)


Started GET "/users/sign_in" for ::1 at 2021-11-11 21:30:18 +1100
Processing by Devise::SessionsController#new as HTML
  Rendering layout layouts/application.html.erb
  Rendering devise/sessions/new.html.erb within layouts/application
  Rendered devise/shared/_links.html.erb (Duration: 1.3ms | Allocations: 553)
  Rendered devise/sessions/new.html.erb within layouts/application (Duration: 23.5ms | Allocations: 9328)
[Webpacker] Everything's up-to-date. Nothing to do
  Rendered shared/_nav.html.erb (Duration: 1.3ms | Allocations: 466)
  Rendered layout layouts/application.html.erb (Duration: 49.6ms | Allocations: 17289)
Completed 200 OK in 55ms (Views: 53.7ms | ActiveRecord: 0.0ms | Allocations: 19298)


Started POST "/users/sign_in" for ::1 at 2021-11-11 21:30:19 +1100
Processing by Devise::SessionsController#create as HTML
  Parameters: {"authenticity_token"=>"[FILTERED]", "user"=>{"email"=>"test@email.com", "password"=>"[FILTERED]", "remember_me"=>"0"}, "commit"=>"Log in"}
  [1m[36mUser Load (2.0ms)[0m  [1m[34mSELECT "users".* FROM "users" WHERE "users"."email" = $1 ORDER BY "users"."id" ASC LIMIT $2[0m  [["email", "test@email.com"], ["LIMIT", 1]]
Completed 401 Unauthorized in 9ms (ActiveRecord: 2.0ms | Allocations: 1861)


Processing by Devise::SessionsController#new as HTML
  Parameters: {"authenticity_token"=>"[FILTERED]", "user"=>{"email"=>"test@email.com", "password"=>"[FILTERED]", "remember_me"=>"0"}, "commit"=>"Log in"}
  Rendering layout layouts/application.html.erb
  Rendering devise/sessions/new.html.erb within layouts/application
  Rendered devise/shared/_links.html.erb (Duration: 0.4ms | Allocations: 153)
  Rendered devise/sessions/new.html.erb within layouts/application (Duration: 19.0ms | Allocations: 8335)
[Webpacker] Everything's up-to-date. Nothing to do
  Rendered shared/_nav.html.erb (Duration: 0.4ms | Allocations: 123)
  Rendered layout layouts/application.html.erb (Duration: 32.0ms | Allocations: 15311)
Completed 200 OK in 322ms (Views: 32.7ms | ActiveRecord: 0.0ms | Allocations: 15981)


Started GET "/" for ::1 at 2021-11-11 21:30:29 +1100
Processing by HomeController#index as HTML
  Rendering layout layouts/application.html.erb
  Rendering home/index.html.erb within layouts/application
  Rendered home/index.html.erb within layouts/application (Duration: 3.1ms | Allocations: 932)
[Webpacker] Everything's up-to-date. Nothing to do
  Rendered shared/_nav.html.erb (Duration: 0.7ms | Allocations: 212)
  Rendered layout layouts/application.html.erb (Duration: 19.7ms | Allocations: 8107)
Completed 200 OK in 23ms (Views: 21.7ms | ActiveRecord: 0.0ms | Allocations: 9286)


Started GET "/" for ::1 at 2021-11-11 21:30:55 +1100
Processing by HomeController#index as HTML
  Rendering layout layouts/application.html.erb
  Rendering home/index.html.erb within layouts/application
  Rendered home/index.html.erb within layouts/application (Duration: 2.2ms | Allocations: 607)
[Webpacker] Everything's up-to-date. Nothing to do
  Rendered shared/_nav.html.erb (Duration: 0.6ms | Allocations: 175)
  Rendered layout layouts/application.html.erb (Duration: 16.6ms | Allocations: 7618)
Completed 200 OK in 18ms (Views: 17.2ms | ActiveRecord: 0.0ms | Allocations: 8121)


Started GET "/users/sign_in" for ::1 at 2021-11-11 21:30:57 +1100
Processing by Devise::SessionsController#new as HTML
  Rendering layout layouts/application.html.erb
  Rendering devise/sessions/new.html.erb within layouts/application
  Rendered devise/shared/_links.html.erb (Duration: 0.6ms | Allocations: 153)
  Rendered devise/sessions/new.html.erb within layouts/application (Duration: 31.9ms | Allocations: 8444)
[Webpacker] Everything's up-to-date. Nothing to do
  Rendered shared/_nav.html.erb (Duration: 0.5ms | Allocations: 149)
  Rendered layout layouts/application.html.erb (Duration: 47.6ms | Allocations: 15451)
Completed 200 OK in 50ms (Views: 49.1ms | ActiveRecord: 0.0ms | Allocations: 16162)


Started GET "/users/sign_up" for ::1 at 2021-11-11 21:30:58 +1100
Processing by Devise::RegistrationsController#new as HTML
  Rendering layout layouts/application.html.erb
  Rendering devise/registrations/new.html.erb within layouts/application
  Rendered devise/shared/_links.html.erb (Duration: 0.5ms | Allocations: 133)
  Rendered devise/registrations/new.html.erb within layouts/application (Duration: 29.0ms | Allocations: 6823)
[Webpacker] Everything's up-to-date. Nothing to do
  Rendered shared/_nav.html.erb (Duration: 0.9ms | Allocations: 183)
  Rendered layout layouts/application.html.erb (Duration: 52.9ms | Allocations: 14096)
Completed 200 OK in 60ms (Views: 58.5ms | ActiveRecord: 0.0ms | Allocations: 15442)


Started GET "/" for ::1 at 2021-11-11 21:31:01 +1100
Processing by HomeController#index as HTML
  Rendering layout layouts/application.html.erb
  Rendering home/index.html.erb within layouts/application
  Rendered home/index.html.erb within layouts/application (Duration: 1.6ms | Allocations: 610)
[Webpacker] Everything's up-to-date. Nothing to do
  Rendered shared/_nav.html.erb (Duration: 0.8ms | Allocations: 182)
  Rendered layout layouts/application.html.erb (Duration: 31.9ms | Allocations: 7632)
Completed 200 OK in 41ms (Views: 40.1ms | ActiveRecord: 0.0ms | Allocations: 8136)


Started GET "/" for ::1 at 2021-11-11 22:28:40 +1100
  [1m[35m (2.6ms)[0m  [1m[34mSELECT "schema_migrations"."version" FROM "schema_migrations" ORDER BY "schema_migrations"."version" ASC[0m
Processing by HomeController#index as HTML
  Rendering layout layouts/application.html.erb
  Rendering home/index.html.erb within layouts/application
  Rendered home/index.html.erb within layouts/application (Duration: 51.8ms | Allocations: 15114)
[Webpacker] Everything's up-to-date. Nothing to do
  Rendered shared/_nav.html.erb (Duration: 3.1ms | Allocations: 616)
  Rendered layout layouts/application.html.erb (Duration: 68.6ms | Allocations: 23541)
Completed 200 OK in 77ms (Views: 70.7ms | ActiveRecord: 0.0ms | Allocations: 27326)


Started GET "/" for ::1 at 2021-11-11 22:46:20 +1100
  [1m[35m (1.0ms)[0m  [1m[34mSELECT "schema_migrations"."version" FROM "schema_migrations" ORDER BY "schema_migrations"."version" ASC[0m
Processing by HomeController#index as HTML
  Rendering layout layouts/application.html.erb
  Rendering home/index.html.erb within layouts/application
  Rendered home/index.html.erb within layouts/application (Duration: 27.1ms | Allocations: 8697)
[Webpacker] Everything's up-to-date. Nothing to do
  Rendered shared/_nav.html.erb (Duration: 5.0ms | Allocations: 616)
  Rendered layout layouts/application.html.erb (Duration: 50.1ms | Allocations: 17152)
Completed 200 OK in 61ms (Views: 53.5ms | ActiveRecord: 0.0ms | Allocations: 20938)


Started GET "/" for ::1 at 2021-11-11 22:46:20 +1100
Processing by HomeController#index as HTML
  Rendering layout layouts/application.html.erb
  Rendering home/index.html.erb within layouts/application
  Rendered home/index.html.erb within layouts/application (Duration: 1.9ms | Allocations: 711)
[Webpacker] Everything's up-to-date. Nothing to do
  Rendered shared/_nav.html.erb (Duration: 0.6ms | Allocations: 196)
  Rendered layout layouts/application.html.erb (Duration: 16.6ms | Allocations: 7800)
Completed 200 OK in 18ms (Views: 17.6ms | ActiveRecord: 0.0ms | Allocations: 8354)


